<?xml version="1.0" encoding="UTF-8"?>
<logger class="PHilae.acx.AXLogger" datetime="Wed Jul 29 14:33:11 EAT 2020">
<event realm="sms" datetime="Wed Jul 29 14:33:11 EAT 2020">
	<query>4 Ms ~ SELECT REC_ID, CODE, VALUE, MODULE, DESCRIPTION, SYS_USER, SYS_DATE FROM CHANNELMANAGERFEP.PHL_SETTING WHERE MODULE LIKE 'SMS' ORDER BY CODE ASC</query>
</event>
<event realm="sms" datetime="Wed Jul 29 14:33:11 EAT 2020">
	<info>channelId=9</info>
</event>
<event realm="sms" datetime="Wed Jul 29 14:33:11 EAT 2020">
	<info>sendAlertsURL=http://198.38.85.25:8093/SendMessage</info>
</event>
<event realm="sms" datetime="Wed Jul 29 14:33:11 EAT 2020">
	<info>schemeId=12</info>
</event>
<event realm="sms" datetime="Wed Jul 29 14:33:11 EAT 2020">
	<info>systemUserId=-99</info>
</event>
<event realm="sms" datetime="Wed Jul 29 14:33:11 EAT 2020">
	<info>alertType=Notification</info>
</event>
<event realm="sms" datetime="Wed Jul 29 14:33:11 EAT 2020">
	<info>chargeScheme=S01</info>
</event>
<event realm="sms" datetime="Wed Jul 29 14:33:11 EAT 2020">
	<info>minimumAlertAmount=200</info>
</event>
<event realm="sms" datetime="Wed Jul 29 14:33:11 EAT 2020">
	<info>creditLimitFieldId=65</info>
</event>
<event realm="sms" datetime="Wed Jul 29 14:33:11 EAT 2020">
	<info>debitLimitFieldId=66</info>
</event>
<event realm="sms" datetime="Wed Jul 29 14:33:11 EAT 2020">
	<info>sender=NAWIRISACCO</info>
</event>
<event realm="sms" datetime="Wed Jul 29 14:33:11 EAT 2020">
	<info>service=1</info>
</event>
<event realm="sms" datetime="Wed Jul 29 14:33:11 EAT 2020">
	<info>passKey=681ELT5DWW</info>
</event>
<event realm="sms" datetime="Wed Jul 29 14:33:11 EAT 2020">
	<info>userId=1392</info>
</event>
<event realm="sms" datetime="Wed Jul 29 14:33:11 EAT 2020">
	<info>whiteList=[*]</info>
</event>
<event realm="sms" datetime="Wed Jul 29 14:33:11 EAT 2020">
	<info>settings={AlertOrgCode=AlertOrgCode~Alert Org Code, AlertType=AlertType~Alert Type, ChannelId=ChannelId~Channel Id, ChargeScheme=ChargeScheme~Charge Scheme, CreditLimitFieldId=CreditLimitFieldId~Credit Limit Field Id, DebitLimitFieldId=DebitLimitFieldId~Debit Limit Field Id, MinimumAlertAmount=MinimumAlertAmount~Minimum Alert Amount, PassKey=PassKey~Pass Key, SchemeId=SchemeId~Scheme Id, SendAlertsURL=SendAlertsURL~Send Alerts URL, Sender=Sender~Sender, Service=Service~Service, SystemUserId=SystemUserId~System User Id, UserId=UserId~User Id, WhiteList=WhiteList~White List}</info>
</event>
<event realm="sms" datetime="Wed Jul 29 14:33:11 EAT 2020">
	<query>8 Ms ~ SELECT USER_ID, LOGIN_ID, BU_ID, BU_CD, BU_NAME, USER_ROLE_ID, BU_ROLE_ID, SUPERVISOR_FLAG, BUSINESS_ROLE_ID, BU_ROLE_NAME, BUSINESS_ROLE_NM, DEFAULT_ROLE_FLAG FROM BERHANLIVE.V_USER_ROLE WHERE USER_ID=-99 AND REC_ST='A'</query>
</event>
<event realm="sms" datetime="Wed Jul 29 14:33:11 EAT 2020">
	<info>alertOrgCode=31</info>
</event>
<event realm="sms" datetime="Wed Jul 29 14:33:11 EAT 2020">
	<query>8 Ms ~ SELECT USER_ID, LOGIN_ID, BU_ID, BU_CD, BU_NAME, USER_ROLE_ID, BU_ROLE_ID, SUPERVISOR_FLAG, BUSINESS_ROLE_ID, BU_ROLE_NAME, BUSINESS_ROLE_NM, DEFAULT_ROLE_FLAG FROM BERHANLIVE.V_USER_ROLE WHERE USER_ID=-99</query>
</event>
<event realm="sms" datetime="Wed Jul 29 14:33:11 EAT 2020">
	<query>9 Ms ~ SELECT V.DRAWER_ID, V.DRAWER_NO, R.GL_ACCT_NO, R.LAST_DRAWER_OPEN_DT, V.REC_ST FROM BERHANLIVE.V_DRAWER_USER_ROLES V, BERHANLIVE.DRAWER R WHERE R.DRAWER_ID=V.DRAWER_ID AND V.BU_ID=R.BU_ID AND V.USER_ROLE_ID=-99 AND V.SYSUSER_ID=-99 AND V.DRAWER_ST='O' AND V.REC_ST='O'</query>
</event>
<event realm="sms" datetime="Wed Jul 29 14:33:11 EAT 2020">
	<query>5 Ms ~ SELECT ROLE_ID, CRNCY_CD_ISO, PREVENTIVE_CR_LIMIT, PREVENTIVE_DR_LIMIT FROM BERHANLIVE.V_BUSINESS_ROLE_CHANNEL_LIMIT WHERE REC_ST='A' AND CHANNEL_ID=9 AND ROLE_ID=-99</query>
</event>
<event realm="sms" datetime="Wed Jul 29 14:33:11 EAT 2020">
	<query>2 Ms ~ SELECT CHANNEL_ID, CHANNEL_CD, CHANNEL_DESC, GL_DR_ACCT, GL_CR_ACCT, PREV_DR_LIMIT, PREV_CR_LIMIT, ORIGIN_BU_ID, REC_ST FROM BERHANLIVE.SERVICE_CHANNEL WHERE CHANNEL_ID=9</query>
</event>
<event realm="sms" datetime="Wed Jul 29 14:33:11 EAT 2020">
	<query>2 Ms ~ SELECT BU_ID, BU_NO, BU_NM, GL_PREFIX_CD, REC_ST FROM BERHANLIVE.BUSINESS_UNIT WHERE REC_ST='A' AND BU_ID=-99</query>
</event>
<event realm="sms" datetime="Wed Jul 29 15:54:33 EAT 2020">
	<query>1 Ms ~ SELECT REC_ID, CODE, VALUE, MODULE, DESCRIPTION, SYS_USER, SYS_DATE FROM CHANNELMANAGERFEP.PHL_SETTING WHERE MODULE LIKE 'SMS' ORDER BY CODE ASC</query>
</event>
<event realm="sms" datetime="Wed Jul 29 15:54:33 EAT 2020">
	<info>channelId=9</info>
</event>
<event realm="sms" datetime="Wed Jul 29 15:54:33 EAT 2020">
	<info>sendAlertsURL=http://198.38.85.25:8093/SendMessage</info>
</event>
<event realm="sms" datetime="Wed Jul 29 15:54:33 EAT 2020">
	<info>schemeId=12</info>
</event>
<event realm="sms" datetime="Wed Jul 29 15:54:33 EAT 2020">
	<info>systemUserId=-99</info>
</event>
<event realm="sms" datetime="Wed Jul 29 15:54:33 EAT 2020">
	<info>debitLimitFieldId=66</info>
</event>
<event realm="sms" datetime="Wed Jul 29 15:54:33 EAT 2020">
	<info>creditLimitFieldId=65</info>
</event>
<event realm="sms" datetime="Wed Jul 29 15:54:33 EAT 2020">
	<info>sender=NAWIRISACCO</info>
</event>
<event realm="sms" datetime="Wed Jul 29 15:54:33 EAT 2020">
	<info>service=1</info>
</event>
<event realm="sms" datetime="Wed Jul 29 15:54:33 EAT 2020">
	<info>passKey=681ELT5DWW</info>
</event>
<event realm="sms" datetime="Wed Jul 29 15:54:33 EAT 2020">
	<info>userId=1392</info>
</event>
<event realm="sms" datetime="Wed Jul 29 15:54:33 EAT 2020">
	<info>whiteList=[*]</info>
</event>
<event realm="sms" datetime="Wed Jul 29 15:54:33 EAT 2020">
	<info>settings={AlertOrgCode=AlertOrgCode~Alert Org Code, AlertType=AlertType~Alert Type, ChannelId=ChannelId~Channel Id, ChargeScheme=ChargeScheme~Charge Scheme, CreditLimitFieldId=CreditLimitFieldId~Credit Limit Field Id, DebitLimitFieldId=DebitLimitFieldId~Debit Limit Field Id, MinimumAlertAmount=MinimumAlertAmount~Minimum Alert Amount, PassKey=PassKey~Pass Key, SchemeId=SchemeId~Scheme Id, SendAlertsURL=SendAlertsURL~Send Alerts URL, Sender=Sender~Sender, Service=Service~Service, SystemUserId=SystemUserId~System User Id, UserId=UserId~User Id, WhiteList=WhiteList~White List}</info>
</event>
<event realm="sms" datetime="Wed Jul 29 15:54:33 EAT 2020">
	<query>2 Ms ~ SELECT USER_ID, LOGIN_ID, BU_ID, BU_CD, BU_NAME, USER_ROLE_ID, BU_ROLE_ID, SUPERVISOR_FLAG, BUSINESS_ROLE_ID, BU_ROLE_NAME, BUSINESS_ROLE_NM, DEFAULT_ROLE_FLAG FROM BERHANLIVE.V_USER_ROLE WHERE USER_ID=-99 AND REC_ST='A'</query>
</event>
<event realm="sms" datetime="Wed Jul 29 15:54:33 EAT 2020">
	<info>alertOrgCode=31</info>
</event>
<event realm="sms" datetime="Wed Jul 29 15:54:33 EAT 2020">
	<info>alertType=Notification</info>
</event>
<event realm="sms" datetime="Wed Jul 29 15:54:33 EAT 2020">
	<info>chargeScheme=S01</info>
</event>
<event realm="sms" datetime="Wed Jul 29 15:54:33 EAT 2020">
	<info>minimumAlertAmount=200</info>
</event>
<event realm="sms" datetime="Wed Jul 29 15:54:33 EAT 2020">
	<query>3 Ms ~ SELECT USER_ID, LOGIN_ID, BU_ID, BU_CD, BU_NAME, USER_ROLE_ID, BU_ROLE_ID, SUPERVISOR_FLAG, BUSINESS_ROLE_ID, BU_ROLE_NAME, BUSINESS_ROLE_NM, DEFAULT_ROLE_FLAG FROM BERHANLIVE.V_USER_ROLE WHERE USER_ID=-99</query>
</event>
<event realm="sms" datetime="Wed Jul 29 15:54:33 EAT 2020">
	<query>2 Ms ~ SELECT V.DRAWER_ID, V.DRAWER_NO, R.GL_ACCT_NO, R.LAST_DRAWER_OPEN_DT, V.REC_ST FROM BERHANLIVE.V_DRAWER_USER_ROLES V, BERHANLIVE.DRAWER R WHERE R.DRAWER_ID=V.DRAWER_ID AND V.BU_ID=R.BU_ID AND V.USER_ROLE_ID=-99 AND V.SYSUSER_ID=-99 AND V.DRAWER_ST='O' AND V.REC_ST='O'</query>
</event>
<event realm="sms" datetime="Wed Jul 29 15:54:33 EAT 2020">
	<query>1 Ms ~ SELECT ROLE_ID, CRNCY_CD_ISO, PREVENTIVE_CR_LIMIT, PREVENTIVE_DR_LIMIT FROM BERHANLIVE.V_BUSINESS_ROLE_CHANNEL_LIMIT WHERE REC_ST='A' AND CHANNEL_ID=9 AND ROLE_ID=-99</query>
</event>
<event realm="sms" datetime="Wed Jul 29 15:54:33 EAT 2020">
	<query>1 Ms ~ SELECT CHANNEL_ID, CHANNEL_CD, CHANNEL_DESC, GL_DR_ACCT, GL_CR_ACCT, PREV_DR_LIMIT, PREV_CR_LIMIT, ORIGIN_BU_ID, REC_ST FROM BERHANLIVE.SERVICE_CHANNEL WHERE CHANNEL_ID=9</query>
</event>
<event realm="sms" datetime="Wed Jul 29 15:54:33 EAT 2020">
	<query>0 Ms ~ SELECT BU_ID, BU_NO, BU_NM, GL_PREFIX_CD, REC_ST FROM BERHANLIVE.BUSINESS_UNIT WHERE REC_ST='A' AND BU_ID=-99</query>
</event>
<event realm="sms" datetime="Wed Jul 29 16:20:23 EAT 2020">
	<query>3 Ms ~ SELECT REC_ID, CODE, VALUE, MODULE, DESCRIPTION, SYS_USER, SYS_DATE FROM CHANNELMANAGERFEP.PHL_SETTING WHERE MODULE LIKE 'SMS' ORDER BY CODE ASC</query>
</event>
<event realm="sms" datetime="Wed Jul 29 16:20:23 EAT 2020">
	<info>channelId=9</info>
</event>
<event realm="sms" datetime="Wed Jul 29 16:20:23 EAT 2020">
	<info>sendAlertsURL=http://198.38.85.25:8093/SendMessage</info>
</event>
<event realm="sms" datetime="Wed Jul 29 16:20:23 EAT 2020">
	<info>schemeId=12</info>
</event>
<event realm="sms" datetime="Wed Jul 29 16:20:23 EAT 2020">
	<info>systemUserId=-99</info>
</event>
<event realm="sms" datetime="Wed Jul 29 16:20:23 EAT 2020">
	<info>minimumAlertAmount=200</info>
</event>
<event realm="sms" datetime="Wed Jul 29 16:20:23 EAT 2020">
	<info>debitLimitFieldId=66</info>
</event>
<event realm="sms" datetime="Wed Jul 29 16:20:23 EAT 2020">
	<info>creditLimitFieldId=65</info>
</event>
<event realm="sms" datetime="Wed Jul 29 16:20:23 EAT 2020">
	<info>sender=NAWIRISACCO</info>
</event>
<event realm="sms" datetime="Wed Jul 29 16:20:23 EAT 2020">
	<info>service=1</info>
</event>
<event realm="sms" datetime="Wed Jul 29 16:20:23 EAT 2020">
	<info>passKey=681ELT5DWW</info>
</event>
<event realm="sms" datetime="Wed Jul 29 16:20:23 EAT 2020">
	<info>userId=1392</info>
</event>
<event realm="sms" datetime="Wed Jul 29 16:20:23 EAT 2020">
	<info>whiteList=[*]</info>
</event>
<event realm="sms" datetime="Wed Jul 29 16:20:23 EAT 2020">
	<info>settings={AlertOrgCode=AlertOrgCode~Alert Org Code, AlertType=AlertType~Alert Type, ChannelId=ChannelId~Channel Id, ChargeScheme=ChargeScheme~Charge Scheme, CreditLimitFieldId=CreditLimitFieldId~Credit Limit Field Id, DebitLimitFieldId=DebitLimitFieldId~Debit Limit Field Id, MinimumAlertAmount=MinimumAlertAmount~Minimum Alert Amount, PassKey=PassKey~Pass Key, SchemeId=SchemeId~Scheme Id, SendAlertsURL=SendAlertsURL~Send Alerts URL, Sender=Sender~Sender, Service=Service~Service, SystemUserId=SystemUserId~System User Id, UserId=UserId~User Id, WhiteList=WhiteList~White List}</info>
</event>
<event realm="sms" datetime="Wed Jul 29 16:20:23 EAT 2020">
	<query>3 Ms ~ SELECT USER_ID, LOGIN_ID, BU_ID, BU_CD, BU_NAME, USER_ROLE_ID, BU_ROLE_ID, SUPERVISOR_FLAG, BUSINESS_ROLE_ID, BU_ROLE_NAME, BUSINESS_ROLE_NM, DEFAULT_ROLE_FLAG FROM BERHANLIVE.V_USER_ROLE WHERE USER_ID=-99 AND REC_ST='A'</query>
</event>
<event realm="sms" datetime="Wed Jul 29 16:20:23 EAT 2020">
	<info>alertOrgCode=31</info>
</event>
<event realm="sms" datetime="Wed Jul 29 16:20:23 EAT 2020">
	<info>alertType=Notification</info>
</event>
<event realm="sms" datetime="Wed Jul 29 16:20:23 EAT 2020">
	<info>chargeScheme=S01</info>
</event>
<event realm="sms" datetime="Wed Jul 29 16:20:23 EAT 2020">
	<query>6 Ms ~ SELECT USER_ID, LOGIN_ID, BU_ID, BU_CD, BU_NAME, USER_ROLE_ID, BU_ROLE_ID, SUPERVISOR_FLAG, BUSINESS_ROLE_ID, BU_ROLE_NAME, BUSINESS_ROLE_NM, DEFAULT_ROLE_FLAG FROM BERHANLIVE.V_USER_ROLE WHERE USER_ID=-99</query>
</event>
<event realm="sms" datetime="Wed Jul 29 16:20:23 EAT 2020">
	<query>4 Ms ~ SELECT V.DRAWER_ID, V.DRAWER_NO, R.GL_ACCT_NO, R.LAST_DRAWER_OPEN_DT, V.REC_ST FROM BERHANLIVE.V_DRAWER_USER_ROLES V, BERHANLIVE.DRAWER R WHERE R.DRAWER_ID=V.DRAWER_ID AND V.BU_ID=R.BU_ID AND V.USER_ROLE_ID=-99 AND V.SYSUSER_ID=-99 AND V.DRAWER_ST='O' AND V.REC_ST='O'</query>
</event>
<event realm="sms" datetime="Wed Jul 29 16:20:23 EAT 2020">
	<query>1 Ms ~ SELECT ROLE_ID, CRNCY_CD_ISO, PREVENTIVE_CR_LIMIT, PREVENTIVE_DR_LIMIT FROM BERHANLIVE.V_BUSINESS_ROLE_CHANNEL_LIMIT WHERE REC_ST='A' AND CHANNEL_ID=9 AND ROLE_ID=-99</query>
</event>
<event realm="sms" datetime="Wed Jul 29 16:20:23 EAT 2020">
	<query>2 Ms ~ SELECT CHANNEL_ID, CHANNEL_CD, CHANNEL_DESC, GL_DR_ACCT, GL_CR_ACCT, PREV_DR_LIMIT, PREV_CR_LIMIT, ORIGIN_BU_ID, REC_ST FROM BERHANLIVE.SERVICE_CHANNEL WHERE CHANNEL_ID=9</query>
</event>
<event realm="sms" datetime="Wed Jul 29 16:20:23 EAT 2020">
	<query>1 Ms ~ SELECT BU_ID, BU_NO, BU_NM, GL_PREFIX_CD, REC_ST FROM BERHANLIVE.BUSINESS_UNIT WHERE REC_ST='A' AND BU_ID=-99</query>
</event>
